<?xml version="1.0" encoding="UTF-8"?>
<!-- Generated by org.testng.reporters.JUnitXMLReporter -->
<testsuite ignored="1" hostname="LAPTOP-20SHTRE1" failures="0" tests="1" name="Test2" time="0.006" errors="0" timestamp="2021-12-24T17:18:53 IST">
  <testcase classname="Maven_ananth_test.Mavenjava.AppiumTest" name="appium_test_1" time="0.001"/>
  <testcase classname="Maven_ananth_test.Mavenjava.AppiumTest" name="appium_test_2" time="0.0">
    <ignored/>
  </testcase> <!-- appium_test_2 -->
</testsuite> <!-- Test2 -->
