<?xml version="1.0" encoding="UTF-8"?>
<!-- Generated by org.testng.reporters.JUnitXMLReporter -->
<testsuite ignored="0" hostname="LAPTOP-20SHTRE1" failures="0" tests="6" name="Command line test" time="0.068" errors="0" timestamp="2021-12-27T13:21:22 IST">
  <testcase classname="Maven_ananth_test.Mavenjava.APITest" name="api_test_1" time="0.006"/>
  <testcase classname="Maven_ananth_test.Mavenjava.APITest" name="api_test_2" time="0.001"/>
  <testcase classname="Maven_ananth_test.Mavenjava.AppiumTest" name="appium_test_1" time="0.001"/>
  <testcase classname="Maven_ananth_test.Mavenjava.AppiumTest" name="appium_test_2" time="0.001"/>
  <testcase classname="Maven_ananth_test.Mavenjava.SelelniumTest" name="selenium_test_1" time="0.0"/>
  <testcase classname="Maven_ananth_test.Mavenjava.SelelniumTest" name="selenium_test_2" time="0.0"/>
</testsuite> <!-- Command line test -->
