<?xml version="1.0" encoding="UTF-8"?>
<!-- Generated by org.testng.reporters.JUnitXMLReporter -->
<testsuite ignored="3" hostname="LAPTOP-20SHTRE1" failures="0" tests="3" name="Test" time="0.037" errors="0" timestamp="2021-12-24T19:04:51 IST">
  <testcase classname="Maven_ananth_test.Mavenjava.APITest" name="api_test_1" time="0.004"/>
  <testcase classname="Maven_ananth_test.Mavenjava.AppiumTest" name="appium_test_1" time="0.0"/>
  <testcase classname="Maven_ananth_test.Mavenjava.SelelniumTest" name="selenium_test_1" time="0.001"/>
  <testcase classname="Maven_ananth_test.Mavenjava.APITest" name="api_test_2" time="0.0">
    <ignored/>
  </testcase> <!-- api_test_2 -->
  <testcase classname="Maven_ananth_test.Mavenjava.AppiumTest" name="appium_test_2" time="0.0">
    <ignored/>
  </testcase> <!-- appium_test_2 -->
  <testcase classname="Maven_ananth_test.Mavenjava.SelelniumTest" name="selenium_test_2" time="0.0">
    <ignored/>
  </testcase> <!-- selenium_test_2 -->
</testsuite> <!-- Test -->
